<?xml version="1.0" encoding="UTF-8"?>
<testng-results ignored="0" total="1" passed="1" failed="0" skipped="0">
  <reporter-output>
  </reporter-output>
  <suite started-at="2020-10-03T11:00:24Z" name="Default suite" finished-at="2020-10-03T11:00:45Z" duration-ms="20911">
    <groups>
    </groups>
    <test started-at="2020-10-03T11:00:24Z" name="Default test" finished-at="2020-10-03T11:00:45Z" duration-ms="20911">
      <class name="tests.TalkWithUsButtonTest">
        <test-method is-config="true" signature="setUp()[pri:0, instance:tests.TalkWithUsButtonTest@6f45df59]" started-at="2020-10-03T11:00:24Z" name="setUp" finished-at="2020-10-03T11:00:24Z" duration-ms="57" status="PASS">
          <reporter-output>
          </reporter-output>
        </test-method> <!-- setUp -->
        <test-method is-config="true" signature="beforeWebTest()[pri:0, instance:tests.TalkWithUsButtonTest@6f45df59]" started-at="2020-10-03T11:00:24Z" name="beforeWebTest" finished-at="2020-10-03T11:00:36Z" duration-ms="12314" status="PASS">
          <reporter-output>
          </reporter-output>
        </test-method> <!-- beforeWebTest -->
        <test-method is-config="true" signature="beforeTest()[pri:0, instance:tests.TalkWithUsButtonTest@6f45df59]" started-at="2020-10-03T11:00:36Z" name="beforeTest" finished-at="2020-10-03T11:00:37Z" duration-ms="452" status="PASS">
          <reporter-output>
          </reporter-output>
        </test-method> <!-- beforeTest -->
        <test-method signature="talkWithUsButtonTest()[pri:0, instance:tests.TalkWithUsButtonTest@6f45df59]" started-at="2020-10-03T11:00:37Z" name="talkWithUsButtonTest" description="Validate the functionality of the talk with us button" finished-at="2020-10-03T11:00:44Z" duration-ms="7089" status="PASS">
          <reporter-output>
          </reporter-output>
        </test-method> <!-- talkWithUsButtonTest -->
        <test-method is-config="true" signature="afterWebTest()[pri:0, instance:tests.TalkWithUsButtonTest@6f45df59]" started-at="2020-10-03T11:00:44Z" name="afterWebTest" finished-at="2020-10-03T11:00:45Z" duration-ms="962" status="PASS">
          <reporter-output>
          </reporter-output>
        </test-method> <!-- afterWebTest -->
      </class> <!-- tests.TalkWithUsButtonTest -->
    </test> <!-- Default test -->
  </suite> <!-- Default suite -->
</testng-results>
