<?xml version="1.0" encoding="UTF-8"?>
<testng-results skipped="0" failed="0" ignored="0" total="1" passed="1">
  <reporter-output>
  </reporter-output>
  <suite name="Default suite" duration-ms="21287" started-at="2020-10-03T14:00:36Z" finished-at="2020-10-03T14:00:57Z">
    <groups>
    </groups>
    <test name="Default test" duration-ms="21287" started-at="2020-10-03T14:00:36Z" finished-at="2020-10-03T14:00:57Z">
      <class name="tests.TalkWithUsButtonTest">
        <test-method status="PASS" signature="setUp()[pri:0, instance:tests.TalkWithUsButtonTest@91161c7]" name="setUp" is-config="true" duration-ms="14" started-at="2020-10-03T14:00:36Z" finished-at="2020-10-03T14:00:36Z">
          <reporter-output>
          </reporter-output>
        </test-method> <!-- setUp -->
        <test-method status="PASS" signature="beforeWebTest()[pri:0, instance:tests.TalkWithUsButtonTest@91161c7]" name="beforeWebTest" is-config="true" duration-ms="11114" started-at="2020-10-03T14:00:36Z" finished-at="2020-10-03T14:00:47Z">
          <reporter-output>
          </reporter-output>
        </test-method> <!-- beforeWebTest -->
        <test-method status="PASS" signature="beforeTest()[pri:0, instance:tests.TalkWithUsButtonTest@91161c7]" name="beforeTest" is-config="true" duration-ms="1294" started-at="2020-10-03T14:00:47Z" finished-at="2020-10-03T14:00:48Z">
          <reporter-output>
          </reporter-output>
        </test-method> <!-- beforeTest -->
        <test-method status="PASS" signature="talkWithUsButtonTest()[pri:0, instance:tests.TalkWithUsButtonTest@91161c7]" name="talkWithUsButtonTest" duration-ms="7907" started-at="2020-10-03T14:00:48Z" description="Validate the functionality of the talk with us button" finished-at="2020-10-03T14:00:56Z">
          <reporter-output>
          </reporter-output>
        </test-method> <!-- talkWithUsButtonTest -->
        <test-method status="PASS" signature="afterWebTest()[pri:0, instance:tests.TalkWithUsButtonTest@91161c7]" name="afterWebTest" is-config="true" duration-ms="931" started-at="2020-10-03T14:00:56Z" finished-at="2020-10-03T14:00:57Z">
          <reporter-output>
          </reporter-output>
        </test-method> <!-- afterWebTest -->
      </class> <!-- tests.TalkWithUsButtonTest -->
    </test> <!-- Default test -->
  </suite> <!-- Default suite -->
</testng-results>
